<?xml version="1.0" encoding="UTF-8"?>
<testng-results skipped="0" failed="0" ignored="0" total="2" passed="2">
  <reporter-output>
  </reporter-output>
  <suite name="Suite1" duration-ms="45065" started-at="2018-06-11T02:32:11Z" finished-at="2018-06-11T02:32:57Z">
    <groups>
    </groups>
    <test name="tets" duration-ms="45065" started-at="2018-06-11T02:32:11Z" finished-at="2018-06-11T02:32:57Z">
      <class name="ucn.ui.NewTest">
        <test-method status="PASS" signature="beforeSuite()[pri:0, instance:ucn.ui.NewTest@5faeada1]" name="beforeSuite" is-config="true" duration-ms="5011" started-at="2018-06-11T02:32:06Z" finished-at="2018-06-11T02:32:11Z">
          <reporter-output>
          </reporter-output>
        </test-method> <!-- beforeSuite -->
        <test-method status="PASS" signature="beforeTest()[pri:0, instance:ucn.ui.NewTest@5faeada1]" name="beforeTest" is-config="true" duration-ms="5003" started-at="2018-06-11T02:32:11Z" finished-at="2018-06-11T02:32:16Z">
          <reporter-output>
          </reporter-output>
        </test-method> <!-- beforeTest -->
        <test-method status="PASS" signature="beforeClass()[pri:0, instance:ucn.ui.NewTest@5faeada1]" name="beforeClass" is-config="true" duration-ms="5009" started-at="2018-06-11T02:32:16Z" finished-at="2018-06-11T02:32:21Z">
          <reporter-output>
          </reporter-output>
        </test-method> <!-- beforeClass -->
        <test-method status="PASS" signature="beforeMethod()[pri:0, instance:ucn.ui.NewTest@5faeada1]" name="beforeMethod" is-config="true" duration-ms="5007" started-at="2018-06-11T02:32:21Z" finished-at="2018-06-11T02:32:26Z">
          <reporter-output>
          </reporter-output>
        </test-method> <!-- beforeMethod -->
        <test-method status="PASS" signature="testOne()[pri:0, instance:ucn.ui.NewTest@5faeada1]" name="testOne" duration-ms="5011" started-at="2018-06-11T02:32:26Z" finished-at="2018-06-11T02:32:31Z">
          <reporter-output>
          </reporter-output>
        </test-method> <!-- testOne -->
        <test-method status="PASS" signature="afterMethod()[pri:0, instance:ucn.ui.NewTest@5faeada1]" name="afterMethod" is-config="true" duration-ms="5001" started-at="2018-06-11T02:32:31Z" finished-at="2018-06-11T02:32:36Z">
          <reporter-output>
          </reporter-output>
        </test-method> <!-- afterMethod -->
        <test-method status="PASS" signature="beforeMethod()[pri:0, instance:ucn.ui.NewTest@5faeada1]" name="beforeMethod" is-config="true" duration-ms="5001" started-at="2018-06-11T02:32:36Z" finished-at="2018-06-11T02:32:41Z">
          <reporter-output>
          </reporter-output>
        </test-method> <!-- beforeMethod -->
        <test-method status="PASS" signature="testTwo()[pri:0, instance:ucn.ui.NewTest@5faeada1]" name="testTwo" duration-ms="1" started-at="2018-06-11T02:32:41Z" finished-at="2018-06-11T02:32:41Z">
          <reporter-output>
          </reporter-output>
        </test-method> <!-- testTwo -->
        <test-method status="PASS" signature="afterMethod()[pri:0, instance:ucn.ui.NewTest@5faeada1]" name="afterMethod" is-config="true" duration-ms="5006" started-at="2018-06-11T02:32:41Z" finished-at="2018-06-11T02:32:47Z">
          <reporter-output>
          </reporter-output>
        </test-method> <!-- afterMethod -->
        <test-method status="PASS" signature="afterClass()[pri:0, instance:ucn.ui.NewTest@5faeada1]" name="afterClass" is-config="true" duration-ms="5002" started-at="2018-06-11T02:32:47Z" finished-at="2018-06-11T02:32:52Z">
          <reporter-output>
          </reporter-output>
        </test-method> <!-- afterClass -->
        <test-method status="PASS" signature="afterTest()[pri:0, instance:ucn.ui.NewTest@5faeada1]" name="afterTest" is-config="true" duration-ms="5008" started-at="2018-06-11T02:32:52Z" finished-at="2018-06-11T02:32:57Z">
          <reporter-output>
          </reporter-output>
        </test-method> <!-- afterTest -->
        <test-method status="PASS" signature="afterSuite()[pri:0, instance:ucn.ui.NewTest@5faeada1]" name="afterSuite" is-config="true" duration-ms="5001" started-at="2018-06-11T02:32:57Z" finished-at="2018-06-11T02:33:02Z">
          <reporter-output>
          </reporter-output>
        </test-method> <!-- afterSuite -->
      </class> <!-- ucn.ui.NewTest -->
    </test> <!-- tets -->
  </suite> <!-- Suite1 -->
</testng-results>
